0 info it worked if it ends with ok
1 verbose cli [ '/Users/gabrielcsapo/.nvm/versions/node/v4.7.0/bin/node',
1 verbose cli   '/Users/gabrielcsapo/.nvm/versions/node/v4.7.0/bin/npm',
1 verbose cli   'run',
1 verbose cli   'lint' ]
2 info using npm@4.0.5
3 info using node@v4.7.0
4 verbose run-script [ 'prelint', 'lint', 'postlint' ]
5 info lifecycle monotime@0.0.2~prelint: monotime@0.0.2
6 silly lifecycle monotime@0.0.2~prelint: no script for prelint, continuing
7 info lifecycle monotime@0.0.2~lint: monotime@0.0.2
8 verbose lifecycle monotime@0.0.2~lint: unsafe-perm in lifecycle true
9 verbose lifecycle monotime@0.0.2~lint: PATH: /Users/gabrielcsapo/.nvm/versions/node/v4.7.0/lib/node_modules/npm/bin/node-gyp-bin:/Users/gabrielcsapo/Documents/monotime/node_modules/.bin:/Users/gabrielcsapo/.nvm/versions/node/v4.7.0/bin:/usr/local/bin:/usr/bin:/bin:/usr/sbin:/sbin
10 verbose lifecycle monotime@0.0.2~lint: CWD: /Users/gabrielcsapo/Documents/monotime
11 silly lifecycle monotime@0.0.2~lint: Args: [ '-c', 'eslint .' ]
12 silly lifecycle monotime@0.0.2~lint: Returned: code: 1  signal: null
13 info lifecycle monotime@0.0.2~lint: Failed to exec lint script
14 verbose stack Error: monotime@0.0.2 lint: `eslint .`
14 verbose stack Exit status 1
14 verbose stack     at EventEmitter.<anonymous> (/Users/gabrielcsapo/.nvm/versions/node/v4.7.0/lib/node_modules/npm/lib/utils/lifecycle.js:279:16)
14 verbose stack     at emitTwo (events.js:87:13)
14 verbose stack     at EventEmitter.emit (events.js:172:7)
14 verbose stack     at ChildProcess.<anonymous> (/Users/gabrielcsapo/.nvm/versions/node/v4.7.0/lib/node_modules/npm/lib/utils/spawn.js:40:14)
14 verbose stack     at emitTwo (events.js:87:13)
14 verbose stack     at ChildProcess.emit (events.js:172:7)
14 verbose stack     at maybeClose (internal/child_process.js:854:16)
14 verbose stack     at Process.ChildProcess._handle.onexit (internal/child_process.js:222:5)
15 verbose pkgid monotime@0.0.2
16 verbose cwd /Users/gabrielcsapo/Documents/monotime
17 error Darwin 17.0.0
18 error argv "/Users/gabrielcsapo/.nvm/versions/node/v4.7.0/bin/node" "/Users/gabrielcsapo/.nvm/versions/node/v4.7.0/bin/npm" "run" "lint"
19 error node v4.7.0
20 error npm  v4.0.5
21 error code ELIFECYCLE
22 error monotime@0.0.2 lint: `eslint .`
22 error Exit status 1
23 error Failed at the monotime@0.0.2 lint script 'eslint .'.
23 error Make sure you have the latest version of node.js and npm installed.
23 error If you do, this is most likely a problem with the monotime package,
23 error not with npm itself.
23 error Tell the author that this fails on your system:
23 error     eslint .
23 error You can get information on how to open an issue for this project with:
23 error     npm bugs monotime
23 error Or if that isn't available, you can get their info via:
23 error     npm owner ls monotime
23 error There is likely additional logging output above.
24 verbose exit [ 1, true ]
